Determining if the pthread_create exist failed with the following output:
Change Dir: /home/ali/courses/udemy/unit_test_cpp/in_range/build/CMakeFiles/CMakeTmp

Run Build Command:"/usr/bin/make" "cmTC_b77e1/fast"
/usr/bin/make -f CMakeFiles/cmTC_b77e1.dir/build.make CMakeFiles/cmTC_b77e1.dir/build
make[1]: Entering directory '/home/ali/courses/udemy/unit_test_cpp/in_range/build/CMakeFiles/CMakeTmp'
Building C object CMakeFiles/cmTC_b77e1.dir/CheckSymbolExists.c.o
/usr/bin/cc    -o CMakeFiles/cmTC_b77e1.dir/CheckSymbolExists.c.o   -c /home/ali/courses/udemy/unit_test_cpp/in_range/build/CMakeFiles/CMakeTmp/CheckSymbolExists.c
Linking C executable cmTC_b77e1
/usr/bin/cmake -E cmake_link_script CMakeFiles/cmTC_b77e1.dir/link.txt --verbose=1
/usr/bin/cc      CMakeFiles/cmTC_b77e1.dir/CheckSymbolExists.c.o  -o cmTC_b77e1 
CMakeFiles/cmTC_b77e1.dir/CheckSymbolExists.c.o: In function `main':
CheckSymbolExists.c:(.text+0x1b): undefined reference to `pthread_create'
collect2: error: ld returned 1 exit status
CMakeFiles/cmTC_b77e1.dir/build.make:97: recipe for target 'cmTC_b77e1' failed
make[1]: *** [cmTC_b77e1] Error 1
make[1]: Leaving directory '/home/ali/courses/udemy/unit_test_cpp/in_range/build/CMakeFiles/CMakeTmp'
Makefile:126: recipe for target 'cmTC_b77e1/fast' failed
make: *** [cmTC_b77e1/fast] Error 2

File /home/ali/courses/udemy/unit_test_cpp/in_range/build/CMakeFiles/CMakeTmp/CheckSymbolExists.c:
/* */
#include <pthread.h>

int main(int argc, char** argv)
{
  (void)argv;
#ifndef pthread_create
  return ((int*)(&pthread_create))[argc];
#else
  (void)argc;
  return 0;
#endif
}

Determining if the function pthread_create exists in the pthreads failed with the following output:
Change Dir: /home/ali/courses/udemy/unit_test_cpp/in_range/build/CMakeFiles/CMakeTmp

Run Build Command:"/usr/bin/make" "cmTC_f1062/fast"
/usr/bin/make -f CMakeFiles/cmTC_f1062.dir/build.make CMakeFiles/cmTC_f1062.dir/build
make[1]: Entering directory '/home/ali/courses/udemy/unit_test_cpp/in_range/build/CMakeFiles/CMakeTmp'
Building C object CMakeFiles/cmTC_f1062.dir/CheckFunctionExists.c.o
/usr/bin/cc   -DCHECK_FUNCTION_EXISTS=pthread_create   -o CMakeFiles/cmTC_f1062.dir/CheckFunctionExists.c.o   -c /usr/share/cmake-3.10/Modules/CheckFunctionExists.c
Linking C executable cmTC_f1062
/usr/bin/cmake -E cmake_link_script CMakeFiles/cmTC_f1062.dir/link.txt --verbose=1
/usr/bin/cc  -DCHECK_FUNCTION_EXISTS=pthread_create    CMakeFiles/cmTC_f1062.dir/CheckFunctionExists.c.o  -o cmTC_f1062 -lpthreads 
/usr/bin/ld: cannot find -lpthreads
collect2: error: ld returned 1 exit status
CMakeFiles/cmTC_f1062.dir/build.make:97: recipe for target 'cmTC_f1062' failed
make[1]: *** [cmTC_f1062] Error 1
make[1]: Leaving directory '/home/ali/courses/udemy/unit_test_cpp/in_range/build/CMakeFiles/CMakeTmp'
Makefile:126: recipe for target 'cmTC_f1062/fast' failed
make: *** [cmTC_f1062/fast] Error 2


