Determining if the pthread_create exist failed with the following output:
Change Dir: /home/ali/courses/udemy/unit_test_cpp/counter/build/CMakeFiles/CMakeTmp

Run Build Command:"/usr/bin/make" "cmTC_8eada/fast"
/usr/bin/make -f CMakeFiles/cmTC_8eada.dir/build.make CMakeFiles/cmTC_8eada.dir/build
make[1]: Entering directory '/home/ali/courses/udemy/unit_test_cpp/counter/build/CMakeFiles/CMakeTmp'
Building C object CMakeFiles/cmTC_8eada.dir/CheckSymbolExists.c.o
/usr/bin/cc    -o CMakeFiles/cmTC_8eada.dir/CheckSymbolExists.c.o   -c /home/ali/courses/udemy/unit_test_cpp/counter/build/CMakeFiles/CMakeTmp/CheckSymbolExists.c
Linking C executable cmTC_8eada
/usr/bin/cmake -E cmake_link_script CMakeFiles/cmTC_8eada.dir/link.txt --verbose=1
/usr/bin/cc      CMakeFiles/cmTC_8eada.dir/CheckSymbolExists.c.o  -o cmTC_8eada 
CMakeFiles/cmTC_8eada.dir/CheckSymbolExists.c.o: In function `main':
CheckSymbolExists.c:(.text+0x1b): undefined reference to `pthread_create'
collect2: error: ld returned 1 exit status
CMakeFiles/cmTC_8eada.dir/build.make:97: recipe for target 'cmTC_8eada' failed
make[1]: *** [cmTC_8eada] Error 1
make[1]: Leaving directory '/home/ali/courses/udemy/unit_test_cpp/counter/build/CMakeFiles/CMakeTmp'
Makefile:126: recipe for target 'cmTC_8eada/fast' failed
make: *** [cmTC_8eada/fast] Error 2

File /home/ali/courses/udemy/unit_test_cpp/counter/build/CMakeFiles/CMakeTmp/CheckSymbolExists.c:
/* */
#include <pthread.h>

int main(int argc, char** argv)
{
  (void)argv;
#ifndef pthread_create
  return ((int*)(&pthread_create))[argc];
#else
  (void)argc;
  return 0;
#endif
}

Determining if the function pthread_create exists in the pthreads failed with the following output:
Change Dir: /home/ali/courses/udemy/unit_test_cpp/counter/build/CMakeFiles/CMakeTmp

Run Build Command:"/usr/bin/make" "cmTC_e2a01/fast"
/usr/bin/make -f CMakeFiles/cmTC_e2a01.dir/build.make CMakeFiles/cmTC_e2a01.dir/build
make[1]: Entering directory '/home/ali/courses/udemy/unit_test_cpp/counter/build/CMakeFiles/CMakeTmp'
Building C object CMakeFiles/cmTC_e2a01.dir/CheckFunctionExists.c.o
/usr/bin/cc   -DCHECK_FUNCTION_EXISTS=pthread_create   -o CMakeFiles/cmTC_e2a01.dir/CheckFunctionExists.c.o   -c /usr/share/cmake-3.10/Modules/CheckFunctionExists.c
Linking C executable cmTC_e2a01
/usr/bin/cmake -E cmake_link_script CMakeFiles/cmTC_e2a01.dir/link.txt --verbose=1
/usr/bin/cc  -DCHECK_FUNCTION_EXISTS=pthread_create    CMakeFiles/cmTC_e2a01.dir/CheckFunctionExists.c.o  -o cmTC_e2a01 -lpthreads 
/usr/bin/ld: cannot find -lpthreads
collect2: error: ld returned 1 exit status
CMakeFiles/cmTC_e2a01.dir/build.make:97: recipe for target 'cmTC_e2a01' failed
make[1]: *** [cmTC_e2a01] Error 1
make[1]: Leaving directory '/home/ali/courses/udemy/unit_test_cpp/counter/build/CMakeFiles/CMakeTmp'
Makefile:126: recipe for target 'cmTC_e2a01/fast' failed
make: *** [cmTC_e2a01/fast] Error 2


